Pseudo-terminal will not be allocated because stdin is not a terminal.
=============================================================
                    Node name - rac1                                
=============================================================

Collecting - Patches for RDBMS Home 


Best Practice checking completed.Checking recommended patches on rac1.
---------------------------------------------------------------------------------


Collecting patch inventory on  CRS HOME /u01/11.2.0.4/grid
Collecting patch inventory on ORACLE_HOME /u01/app/oracle/product/11.2.0.4/db_1 
---------------------------------------------------------------------------------
0 Recommended CRS patches for 112040 from /u01/11.2.0.4/grid on rac1
---------------------------------------------------------------------------------
Patch#   CRS  ASM    RDBMS RDBMS_HOME                              Patch-Description                            
---------------------------------------------------------------------------------
---------------------------------------------------------------------------------


---------------------------------------------------------------------------------
0 Recommended RDBMS patches for 112040 from /u01/app/oracle/product/11.2.0.4/db_1 on rac1
---------------------------------------------------------------------------------
Patch#   RDBMS    ASM     type                Patch-Description                       
---------------------------------------------------------------------------------
---------------------------------------------------------------------------------
---------------------------------------------------------------------------------


---------------------------------------------------------------------------------
              Clusterware patches summary report
---------------------------------------------------------------------------------
Total patches  Applied on CRS Applied on RDBMS Applied on ASM 
---------------------------------------------------------------------------------
0              0              0                0              
---------------------------------------------------------------------------------


---------------------------------------------------------------------------------
              RDBMS homes patches summary report
---------------------------------------------------------------------------------
Total patches  Applied on RDBMS Applied on ASM ORACLE_HOME    
---------------------------------------------------------------------------------
 0              0              0                /u01/app/oracle/product/11.2.0.4/db_1
---------------------------------------------------------------------------------



