Fri Apr 17 05:04:02 2015 started watcher
Fri Apr 17 05:04:02 2015 running watcher 1 
Fri Apr 17 05:04:02 2015 candidate child pid for killing is  34889 -  
Fri Apr 17 05:04:02 2015 watcher sleeping for 90 seconds 
Fri Apr 17 05:05:32 2015 running watcher 2 
Fri Apr 17 05:05:32 2015 candidate child pid for killing is  -  
Fri Apr 17 05:05:32 2015 watcher sleeping for 90 seconds 
Fri Apr 17 05:07:02 2015 running watcher 3 
Fri Apr 17 05:07:02 2015 candidate child pid for killing is  -  
Fri Apr 17 05:07:02 2015 watcher sleeping for 90 seconds 
Fri Apr 17 05:08:32 2015 running watcher 4 
Fri Apr 17 05:08:32 2015 candidate child pid for killing is  -  
Fri Apr 17 05:08:32 2015 watcher sleeping for 90 seconds 
LOG FROM rac1
Fri Apr 17 05:06:37 2015 started watcher
Fri Apr 17 05:06:37 2015 running watcher 1 
Fri Apr 17 05:06:37 2015 candidate child pid for killing is  -  
Fri Apr 17 05:06:37 2015 watcher sleeping for 90 seconds 
Fri Apr 17 05:08:07 2015 running watcher 2 
Fri Apr 17 05:08:07 2015 candidate child pid for killing is  12131 - orachk -f 
Fri Apr 17 05:08:07 2015 watcher sleeping for 90 seconds 
