ORACLE_RESTART = 0
PRINT_SCORE_IN_REPORT = 1
CURRENT_USER = oracle
rac1.CRS_INSTALLED = 1
rac2.CRS_INSTALLED = 1
CRS_HOME = /u01/11.2.0.4/grid
rac1.ASM_INSTALLED = 1
rac2.ASM_INSTALLED = 1
RDBMS_ORACLE_HOME = /u01/app/oracle/product/11.2.0.4/db_1|112040|oracle|rac2,rac1
rac1.RDBMS_INSTALLED = 1
rac2.RDBMS_INSTALLED = 1
SINGLE_INSTANCE_RUN = 0
TARGET_VERSION = 
MULTIPLE_DATABASE = 1
rac1.EMAGENT_INSTALLED = 0
rac1.EMAGENT_HOME = 
rac1.EMAGENT_INST = 
rac1.CRS_STATUS = 1
rac1.CRS_ACTIVE_VERSION = 11.2.0.4.0
rac1.ASM_STATUS = 1
rac1.ASM_INSTANCE = +ASM1
rac1.ASM_HOME = 
rac1.ACFS_STATUS = 0
rac1.mfsdb.INSTANCE_NAME = 
rac1.mfsdb.INSTANCE_MODE = 0
rac1.mfsdb.INSTANCE_VERSION = 
rac1.racdb.INSTANCE_NAME = 
rac1.racdb.INSTANCE_MODE = 0
rac1.racdb.INSTANCE_VERSION = 
rac2.EMAGENT_INSTALLED = 0
rac2.EMAGENT_HOME = 
rac2.EMAGENT_INST = 
rac2.CRS_STATUS = 1
rac2.CRS_ACTIVE_VERSION = 11.2.0.4.0
rac2.ASM_STATUS = 1
rac2.ASM_INSTANCE = +ASM2
rac2.ASM_HOME = 
rac2.ACFS_STATUS = 0
rac2.mfsdb.INSTANCE_NAME = 
rac2.mfsdb.INSTANCE_MODE = 0
rac2.mfsdb.INSTANCE_VERSION = 
rac2.racdb.INSTANCE_NAME = 
rac2.racdb.INSTANCE_MODE = 0
rac2.racdb.INSTANCE_VERSION = 
mfsdb.CHECKED_NODE = rac2
racdb.CHECKED_NODE = rac2
HOST_ROLE = GENERIC
HOST_TYPE = BAREMETAL
VM_TYPE = NONE
ORACLE_DATABASE_APPLIANCE = 0
grp_str = LINUXX8664OELRHEL6_/u01/app/oracle/product/11.2.0/db_1
	  select lower(HOST_NAME)||'.'||INSTANCE_NAME||'.VERSION = '||VERSION from gv$instance
*
ERROR at line 1:
ORA-01034: ORACLE not available
Process ID: 0
Session ID: 0 Serial number: 0
CELL_SSH_USER = 
CELL_PASSWORD_OPTION = 
ZFS_PASSWORD_OPTION = 
rac2.EXADATA_COMPUTE = 0
rac2.EXADATA_DBMV1 = 0
rac2.EXADATA_DBMV2 = 0
rac2.EXADATA_DBM_X2_2 = 0
rac2.EXADATA_DBM_X2_8 = 0
rac2.EXADATA_DBM_X3_2 = 0
rac2.EXADATA_RACK = 
rac2.EXADATA_VERSION = 
rac2.IT_IS_RAC = 1
rac2.COMPONENTS = NONE:RACCHECK:MAA
rac2.IS_AVM_MACHINE = 
ROOT_OPTION = 3
ORACHK_VERSION = 12.1.0.2.3_20150305
FILE_ID = 1091B36069484992E05312C0E50A2847
FILE_DATE = 05-Mar-2015 12:49:14
FILE_SIG = 46C40115700EFB00E0401490CACF67C6
DB_PLATFORM = LINUX X86-64
OS_DISTRO = OELRHEL
OS_VERSION = 6
OS_KERNEL = 3.8.13-44.1.1.el6uek.x86_64
COLLECTION DATE = 17-Apr-2015 05:06:29
SILENT = 0
SWITCH = -a
ASM_HOME = 
racdb2_UP = 0
SOMEDB_UP = 
LOCALNODE = rac2
CLUSTER_NAME = rac-cluster
DB_NAME = mfsdb|11.2.0.4.0|/u01/app/oracle/product/11.2.0.4/db_1
mfsdb.DATABASE_ROLE = PRIMARY
mfsdb.DATABASE_TYPE = NORMAL
mfsdb.GLOBAL_NAME = MFSDB
MFSDB.PHYSICAL_STANDBY = 0
MFSDB.LOGICAL_STANDBY = 0
DB_NAME = racdb|11.2.0.4.0|/u01/app/oracle/product/11.2.0.4/db_1
racdb.DATABASE_ROLE = PRIMARY
racdb.DATABASE_TYPE = NORMAL
racdb.GLOBAL_NAME = RACDB
RACDB.PHYSICAL_STANDBY = 0
RACDB.LOGICAL_STANDBY = 0
MULTIPLE_ORACLE_HOMES = 1
CHECKS_DURATION = 2 mins, 27 seconds
MULTIPLE_ORACLE_HOMES = 1
rac1.EXADATA_COMPUTE = 0
rac1.EXADATA_DBMV1 = 0
rac1.EXADATA_DBMV2 = 0
rac1.EXADATA_DBM_X2_2 = 0
rac1.EXADATA_DBM_X2_8 = 0
rac1.EXADATA_DBM_X3_2 = 0
rac1.EXADATA_RACK = 
rac1.EXADATA_VERSION = 
rac1.IT_IS_RAC = 1
rac1.COMPONENTS = NONE:RACCHECK:MAA
rac1.IS_AVM_MACHINE = 
CHECKS_DURATION = 2 mins, 5 seconds
