
mfsdb1.O7_DICTIONARY_ACCESSIBILITY = FALSE                                      
mfsdb2.O7_DICTIONARY_ACCESSIBILITY = FALSE                                      
mfsdb1.active_instance_count =                                                  
mfsdb2.active_instance_count =                                                  
mfsdb1.aq_tm_processes = 1                                                      
mfsdb2.aq_tm_processes = 1                                                      
mfsdb1.archive_lag_target = 0                                                   
mfsdb2.archive_lag_target = 0                                                   
mfsdb1.asm_diskgroups =                                                         
mfsdb2.asm_diskgroups =                                                         
mfsdb1.asm_diskstring =                                                         
mfsdb2.asm_diskstring =                                                         
mfsdb1.asm_power_limit = 1                                                      

mfsdb2.asm_power_limit = 1                                                      
mfsdb1.asm_preferred_read_failure_groups =                                      
mfsdb2.asm_preferred_read_failure_groups =                                      
mfsdb1.audit_file_dest = /u01/app/oracle/admin/mfsdb/adump                      
mfsdb2.audit_file_dest = /u01/app/oracle/admin/mfsdb/adump                      
mfsdb1.audit_sys_operations = FALSE                                             
mfsdb2.audit_sys_operations = FALSE                                             
mfsdb1.audit_syslog_level =                                                     
mfsdb2.audit_syslog_level =                                                     
mfsdb1.audit_trail = DB                                                         
mfsdb2.audit_trail = DB                                                         
mfsdb1.awr_snapshot_time_offset = 0                                             
mfsdb2.awr_snapshot_time_offset = 0                                             

mfsdb1.background_core_dump = partial                                           
mfsdb2.background_core_dump = partial                                           
mfsdb1.background_dump_dest = /u01/app/oracle/diag/rdbms/mfsdb/mfsdb1/trace     
mfsdb2.background_dump_dest = /u01/app/oracle/diag/rdbms/mfsdb/mfsdb2/trace     
mfsdb1.backup_tape_io_slaves = FALSE                                            
mfsdb2.backup_tape_io_slaves = FALSE                                            
mfsdb1.bitmap_merge_area_size = 1048576                                         
mfsdb2.bitmap_merge_area_size = 1048576                                         
mfsdb1.blank_trimming = FALSE                                                   
mfsdb2.blank_trimming = FALSE                                                   
mfsdb1.buffer_pool_keep =                                                       
mfsdb2.buffer_pool_keep =                                                       
mfsdb1.buffer_pool_recycle =                                                    

mfsdb2.buffer_pool_recycle =                                                    
mfsdb1.cell_offload_compaction = ADAPTIVE                                       
mfsdb2.cell_offload_compaction = ADAPTIVE                                       
mfsdb1.cell_offload_decryption = TRUE                                           
mfsdb2.cell_offload_decryption = TRUE                                           
mfsdb1.cell_offload_parameters =                                                
mfsdb2.cell_offload_parameters =                                                
mfsdb1.cell_offload_plan_display = AUTO                                         
mfsdb2.cell_offload_plan_display = AUTO                                         
mfsdb1.cell_offload_processing = TRUE                                           
mfsdb2.cell_offload_processing = TRUE                                           
mfsdb1.cell_offloadgroup_name =                                                 
mfsdb2.cell_offloadgroup_name =                                                 

mfsdb1.circuits =                                                               
mfsdb2.circuits =                                                               
mfsdb1.client_result_cache_lag = 3000                                           
mfsdb2.client_result_cache_lag = 3000                                           
mfsdb1.client_result_cache_size = 0                                             
mfsdb2.client_result_cache_size = 0                                             
mfsdb1.clonedb = FALSE                                                          
mfsdb2.clonedb = FALSE                                                          
mfsdb1.cluster_database = TRUE                                                  
mfsdb2.cluster_database = TRUE                                                  
mfsdb1.cluster_database_instances = 2                                           
mfsdb2.cluster_database_instances = 2                                           
mfsdb1.cluster_interconnects =                                                  

mfsdb2.cluster_interconnects =                                                  
mfsdb1.commit_logging =                                                         
mfsdb2.commit_logging =                                                         
mfsdb1.commit_point_strength = 1                                                
mfsdb2.commit_point_strength = 1                                                
mfsdb1.commit_wait =                                                            
mfsdb2.commit_wait =                                                            
mfsdb1.commit_write =                                                           
mfsdb2.commit_write =                                                           
mfsdb1.compatible = 11.2.0.4.0                                                  
mfsdb2.compatible = 11.2.0.4.0                                                  
mfsdb1.control_file_record_keep_time = 7                                        
mfsdb2.control_file_record_keep_time = 7                                        

mfsdb1.control_files = +DATA/mfsdb/controlfile/current.258.877206753, +FLASH/mfs
db/controlfile/current.277.877206753                                            
                                                                                
mfsdb2.control_files = +DATA/mfsdb/controlfile/current.258.877206753, +FLASH/mfs
db/controlfile/current.277.877206753                                            
                                                                                
mfsdb1.control_management_pack_access = DIAGNOSTIC+TUNING                       
mfsdb2.control_management_pack_access = DIAGNOSTIC+TUNING                       
mfsdb1.core_dump_dest = /u01/app/oracle/diag/rdbms/mfsdb/mfsdb1/cdump           
mfsdb2.core_dump_dest = /u01/app/oracle/diag/rdbms/mfsdb/mfsdb2/cdump           
mfsdb1.cpu_count = 48                                                           
mfsdb2.cpu_count = 48                                                           
mfsdb1.create_bitmap_area_size = 8388608                                        

mfsdb2.create_bitmap_area_size = 8388608                                        
mfsdb1.create_stored_outlines =                                                 
mfsdb2.create_stored_outlines =                                                 
mfsdb1.cursor_bind_capture_destination = memory+disk                            
mfsdb2.cursor_bind_capture_destination = memory+disk                            
mfsdb1.cursor_sharing = EXACT                                                   
mfsdb2.cursor_sharing = EXACT                                                   
mfsdb1.cursor_space_for_time = FALSE                                            
mfsdb2.cursor_space_for_time = FALSE                                            
mfsdb1.db_16k_cache_size = 0                                                    
mfsdb2.db_16k_cache_size = 0                                                    
mfsdb1.db_2k_cache_size = 0                                                     
mfsdb2.db_2k_cache_size = 0                                                     

mfsdb1.db_32k_cache_size = 0                                                    
mfsdb2.db_32k_cache_size = 0                                                    
mfsdb1.db_4k_cache_size = 0                                                     
mfsdb2.db_4k_cache_size = 0                                                     
mfsdb1.db_8k_cache_size = 0                                                     
mfsdb2.db_8k_cache_size = 0                                                     
mfsdb1.db_block_buffers = 0                                                     
mfsdb2.db_block_buffers = 0                                                     
mfsdb1.db_block_checking = FALSE                                                
mfsdb2.db_block_checking = FALSE                                                
mfsdb1.db_block_checksum = TYPICAL                                              
mfsdb2.db_block_checksum = TYPICAL                                              
mfsdb1.db_block_size = 8192                                                     

mfsdb2.db_block_size = 8192                                                     
mfsdb1.db_cache_advice = ON                                                     
mfsdb2.db_cache_advice = ON                                                     
mfsdb1.db_cache_size = 0                                                        
mfsdb2.db_cache_size = 0                                                        
mfsdb1.db_create_file_dest = +data                                              
mfsdb2.db_create_file_dest = +data                                              
mfsdb1.db_create_online_log_dest_1 = +flash                                     
mfsdb2.db_create_online_log_dest_1 = +flash                                     
mfsdb1.db_create_online_log_dest_2 =                                            
mfsdb2.db_create_online_log_dest_2 =                                            
mfsdb1.db_create_online_log_dest_3 =                                            
mfsdb2.db_create_online_log_dest_3 =                                            

mfsdb1.db_create_online_log_dest_4 =                                            
mfsdb2.db_create_online_log_dest_4 =                                            
mfsdb1.db_create_online_log_dest_5 =                                            
mfsdb2.db_create_online_log_dest_5 =                                            
mfsdb1.db_domain =                                                              
mfsdb2.db_domain =                                                              
mfsdb1.db_file_multiblock_read_count = 128                                      
mfsdb2.db_file_multiblock_read_count = 128                                      
mfsdb1.db_file_name_convert =                                                   
mfsdb2.db_file_name_convert =                                                   
mfsdb1.db_files = 200                                                           
mfsdb2.db_files = 200                                                           
mfsdb1.db_flash_cache_file =                                                    

mfsdb2.db_flash_cache_file =                                                    
mfsdb1.db_flash_cache_size = 0                                                  
mfsdb2.db_flash_cache_size = 0                                                  
mfsdb1.db_flashback_retention_target = 1440                                     
mfsdb2.db_flashback_retention_target = 1440                                     
mfsdb1.db_keep_cache_size = 0                                                   
mfsdb2.db_keep_cache_size = 0                                                   
mfsdb1.db_lost_write_protect = NONE                                             
mfsdb2.db_lost_write_protect = NONE                                             
mfsdb1.db_name = MFSDB                                                          
mfsdb2.db_name = MFSDB                                                          
mfsdb1.db_recovery_file_dest = +FLASH                                           
mfsdb2.db_recovery_file_dest = +FLASH                                           

mfsdb1.db_recovery_file_dest_size = 4621074432                                  
mfsdb2.db_recovery_file_dest_size = 4621074432                                  
mfsdb1.db_recycle_cache_size = 0                                                
mfsdb2.db_recycle_cache_size = 0                                                
mfsdb1.db_securefile = PERMITTED                                                
mfsdb2.db_securefile = PERMITTED                                                
mfsdb1.db_ultra_safe = OFF                                                      
mfsdb2.db_ultra_safe = OFF                                                      
mfsdb1.db_unique_name = MFSDB                                                   
mfsdb2.db_unique_name = MFSDB                                                   
mfsdb1.db_unrecoverable_scn_tracking = TRUE                                     
mfsdb2.db_unrecoverable_scn_tracking = TRUE                                     
mfsdb1.db_writer_processes = 6                                                  

mfsdb2.db_writer_processes = 6                                                  
mfsdb1.dbwr_io_slaves = 0                                                       
mfsdb2.dbwr_io_slaves = 0                                                       
mfsdb1.ddl_lock_timeout = 0                                                     
mfsdb2.ddl_lock_timeout = 0                                                     
mfsdb1.deferred_segment_creation = TRUE                                         
mfsdb2.deferred_segment_creation = TRUE                                         
mfsdb1.dg_broker_config_file1 = /u01/app/oracle/product/11.2.0.4/db_1/dbs/dr1MFS
DB.dat                                                                          
                                                                                
mfsdb2.dg_broker_config_file1 = /u01/app/oracle/product/11.2.0.4/db_1/dbs/dr1MFS
DB.dat                                                                          
                                                                                

mfsdb1.dg_broker_config_file2 = /u01/app/oracle/product/11.2.0.4/db_1/dbs/dr2MFS
DB.dat                                                                          
                                                                                
mfsdb2.dg_broker_config_file2 = /u01/app/oracle/product/11.2.0.4/db_1/dbs/dr2MFS
DB.dat                                                                          
                                                                                
mfsdb1.dg_broker_start = FALSE                                                  
mfsdb2.dg_broker_start = FALSE                                                  
mfsdb1.diagnostic_dest = /u01/app/oracle                                        
mfsdb2.diagnostic_dest = /u01/app/oracle                                        
mfsdb1.disk_asynch_io = TRUE                                                    
mfsdb2.disk_asynch_io = TRUE                                                    
mfsdb1.dispatchers = (PROTOCOL=TCP) (SERVICE=mfsdbXDB)                          

mfsdb2.dispatchers = (PROTOCOL=TCP) (SERVICE=mfsdbXDB)                          
mfsdb1.distributed_lock_timeout = 60                                            
mfsdb2.distributed_lock_timeout = 60                                            
mfsdb1.dml_locks = 2112                                                         
mfsdb2.dml_locks = 2112                                                         
mfsdb1.dnfs_batch_size = 4096                                                   
mfsdb2.dnfs_batch_size = 4096                                                   
mfsdb1.dst_upgrade_insert_conv = TRUE                                           
mfsdb2.dst_upgrade_insert_conv = TRUE                                           
mfsdb1.enable_ddl_logging = FALSE                                               
mfsdb2.enable_ddl_logging = FALSE                                               
mfsdb1.enable_goldengate_replication = FALSE                                    
mfsdb2.enable_goldengate_replication = FALSE                                    

mfsdb1.event =                                                                  
mfsdb2.event =                                                                  
mfsdb1.fal_client =                                                             
mfsdb2.fal_client =                                                             
mfsdb1.fal_server =                                                             
mfsdb2.fal_server =                                                             
mfsdb1.fast_start_io_target = 0                                                 
mfsdb2.fast_start_io_target = 0                                                 
mfsdb1.fast_start_mttr_target = 0                                               
mfsdb2.fast_start_mttr_target = 0                                               
mfsdb1.fast_start_parallel_rollback = LOW                                       
mfsdb2.fast_start_parallel_rollback = LOW                                       
mfsdb1.file_mapping = FALSE                                                     

mfsdb2.file_mapping = FALSE                                                     
mfsdb1.fileio_network_adapters =                                                
mfsdb2.fileio_network_adapters =                                                
mfsdb1.filesystemio_options = none                                              
mfsdb2.filesystemio_options = none                                              
mfsdb1.fixed_date =                                                             
mfsdb2.fixed_date =                                                             
mfsdb1.gcs_server_processes = 3                                                 
mfsdb2.gcs_server_processes = 3                                                 
mfsdb1.global_context_pool_size =                                               
mfsdb2.global_context_pool_size =                                               
mfsdb1.global_names = FALSE                                                     
mfsdb2.global_names = FALSE                                                     

mfsdb1.global_txn_processes = 1                                                 
mfsdb2.global_txn_processes = 1                                                 
mfsdb1.hash_area_size = 131072                                                  
mfsdb2.hash_area_size = 131072                                                  
mfsdb1.hi_shared_memory_address = 0                                             
mfsdb2.hi_shared_memory_address = 0                                             
mfsdb1.hs_autoregister = TRUE                                                   
mfsdb2.hs_autoregister = TRUE                                                   
mfsdb1.ifile =                                                                  
mfsdb2.ifile =                                                                  
mfsdb1.instance_groups =                                                        
mfsdb2.instance_groups =                                                        
mfsdb1.instance_name = mfsdb1                                                   

mfsdb2.instance_name = mfsdb2                                                   
mfsdb1.instance_number = 1                                                      
mfsdb2.instance_number = 2                                                      
mfsdb1.instance_type = RDBMS                                                    
mfsdb2.instance_type = RDBMS                                                    
mfsdb1.instant_restore = FALSE                                                  
mfsdb2.instant_restore = FALSE                                                  
mfsdb1.java_jit_enabled = TRUE                                                  
mfsdb2.java_jit_enabled = TRUE                                                  
mfsdb1.java_max_sessionspace_size = 0                                           
mfsdb2.java_max_sessionspace_size = 0                                           
mfsdb1.java_pool_size = 0                                                       
mfsdb2.java_pool_size = 0                                                       

mfsdb1.java_restrict = none                                                     
mfsdb2.java_restrict = none                                                     
mfsdb1.java_soft_sessionspace_limit = 0                                         
mfsdb2.java_soft_sessionspace_limit = 0                                         
mfsdb1.job_queue_processes = 1000                                               
mfsdb2.job_queue_processes = 1000                                               
mfsdb1.large_pool_size = 0                                                      
mfsdb2.large_pool_size = 0                                                      
mfsdb1.ldap_directory_access = NONE                                             
mfsdb2.ldap_directory_access = NONE                                             
mfsdb1.ldap_directory_sysauth = no                                              
mfsdb2.ldap_directory_sysauth = no                                              
mfsdb1.license_max_sessions = 0                                                 

mfsdb2.license_max_sessions = 0                                                 
mfsdb1.license_max_users = 0                                                    
mfsdb2.license_max_users = 0                                                    
mfsdb1.license_sessions_warning = 0                                             
mfsdb2.license_sessions_warning = 0                                             
mfsdb1.listener_networks =                                                      
mfsdb2.listener_networks =                                                      
mfsdb1.local_listener =  (ADDRESS=(PROTOCOL=TCP)(HOST=192.168.200.13)(PORT=1521)
)                                                                               
                                                                                
mfsdb2.local_listener =  (ADDRESS=(PROTOCOL=TCP)(HOST=192.168.200.14)(PORT=1521)
)                                                                               
                                                                                

mfsdb1.lock_name_space =                                                        
mfsdb2.lock_name_space =                                                        
mfsdb1.lock_sga = FALSE                                                         
mfsdb2.lock_sga = FALSE                                                         
mfsdb1.log_archive_config =                                                     
mfsdb2.log_archive_config =                                                     
mfsdb1.log_archive_dest =                                                       
mfsdb2.log_archive_dest =                                                       
mfsdb1.log_archive_dest_1 =                                                     
mfsdb2.log_archive_dest_1 =                                                     
mfsdb1.log_archive_dest_10 =                                                    
mfsdb2.log_archive_dest_10 =                                                    
mfsdb1.log_archive_dest_11 =                                                    

mfsdb2.log_archive_dest_11 =                                                    
mfsdb1.log_archive_dest_12 =                                                    
mfsdb2.log_archive_dest_12 =                                                    
mfsdb1.log_archive_dest_13 =                                                    
mfsdb2.log_archive_dest_13 =                                                    
mfsdb1.log_archive_dest_14 =                                                    
mfsdb2.log_archive_dest_14 =                                                    
mfsdb1.log_archive_dest_15 =                                                    
mfsdb2.log_archive_dest_15 =                                                    
mfsdb1.log_archive_dest_16 =                                                    
mfsdb2.log_archive_dest_16 =                                                    
mfsdb1.log_archive_dest_17 =                                                    
mfsdb2.log_archive_dest_17 =                                                    

mfsdb1.log_archive_dest_18 =                                                    
mfsdb2.log_archive_dest_18 =                                                    
mfsdb1.log_archive_dest_19 =                                                    
mfsdb2.log_archive_dest_19 =                                                    
mfsdb1.log_archive_dest_2 =                                                     
mfsdb2.log_archive_dest_2 =                                                     
mfsdb1.log_archive_dest_20 =                                                    
mfsdb2.log_archive_dest_20 =                                                    
mfsdb1.log_archive_dest_21 =                                                    
mfsdb2.log_archive_dest_21 =                                                    
mfsdb1.log_archive_dest_22 =                                                    
mfsdb2.log_archive_dest_22 =                                                    
mfsdb1.log_archive_dest_23 =                                                    

mfsdb2.log_archive_dest_23 =                                                    
mfsdb1.log_archive_dest_24 =                                                    
mfsdb2.log_archive_dest_24 =                                                    
mfsdb1.log_archive_dest_25 =                                                    
mfsdb2.log_archive_dest_25 =                                                    
mfsdb1.log_archive_dest_26 =                                                    
mfsdb2.log_archive_dest_26 =                                                    
mfsdb1.log_archive_dest_27 =                                                    
mfsdb2.log_archive_dest_27 =                                                    
mfsdb1.log_archive_dest_28 =                                                    
mfsdb2.log_archive_dest_28 =                                                    
mfsdb1.log_archive_dest_29 =                                                    
mfsdb2.log_archive_dest_29 =                                                    

mfsdb1.log_archive_dest_3 =                                                     
mfsdb2.log_archive_dest_3 =                                                     
mfsdb1.log_archive_dest_30 =                                                    
mfsdb2.log_archive_dest_30 =                                                    
mfsdb1.log_archive_dest_31 =                                                    
mfsdb2.log_archive_dest_31 =                                                    
mfsdb1.log_archive_dest_4 =                                                     
mfsdb2.log_archive_dest_4 =                                                     
mfsdb1.log_archive_dest_5 =                                                     
mfsdb2.log_archive_dest_5 =                                                     
mfsdb1.log_archive_dest_6 =                                                     
mfsdb2.log_archive_dest_6 =                                                     
mfsdb1.log_archive_dest_7 =                                                     

mfsdb2.log_archive_dest_7 =                                                     
mfsdb1.log_archive_dest_8 =                                                     
mfsdb2.log_archive_dest_8 =                                                     
mfsdb1.log_archive_dest_9 =                                                     
mfsdb2.log_archive_dest_9 =                                                     
mfsdb1.log_archive_dest_state_1 = enable                                        
mfsdb2.log_archive_dest_state_1 = enable                                        
mfsdb1.log_archive_dest_state_10 = enable                                       
mfsdb2.log_archive_dest_state_10 = enable                                       
mfsdb1.log_archive_dest_state_11 = enable                                       
mfsdb2.log_archive_dest_state_11 = enable                                       
mfsdb1.log_archive_dest_state_12 = enable                                       
mfsdb2.log_archive_dest_state_12 = enable                                       

mfsdb1.log_archive_dest_state_13 = enable                                       
mfsdb2.log_archive_dest_state_13 = enable                                       
mfsdb1.log_archive_dest_state_14 = enable                                       
mfsdb2.log_archive_dest_state_14 = enable                                       
mfsdb1.log_archive_dest_state_15 = enable                                       
mfsdb2.log_archive_dest_state_15 = enable                                       
mfsdb1.log_archive_dest_state_16 = enable                                       
mfsdb2.log_archive_dest_state_16 = enable                                       
mfsdb1.log_archive_dest_state_17 = enable                                       
mfsdb2.log_archive_dest_state_17 = enable                                       
mfsdb1.log_archive_dest_state_18 = enable                                       
mfsdb2.log_archive_dest_state_18 = enable                                       
mfsdb1.log_archive_dest_state_19 = enable                                       

mfsdb2.log_archive_dest_state_19 = enable                                       
mfsdb1.log_archive_dest_state_2 = enable                                        
mfsdb2.log_archive_dest_state_2 = enable                                        
mfsdb1.log_archive_dest_state_20 = enable                                       
mfsdb2.log_archive_dest_state_20 = enable                                       
mfsdb1.log_archive_dest_state_21 = enable                                       
mfsdb2.log_archive_dest_state_21 = enable                                       
mfsdb1.log_archive_dest_state_22 = enable                                       
mfsdb2.log_archive_dest_state_22 = enable                                       
mfsdb1.log_archive_dest_state_23 = enable                                       
mfsdb2.log_archive_dest_state_23 = enable                                       
mfsdb1.log_archive_dest_state_24 = enable                                       
mfsdb2.log_archive_dest_state_24 = enable                                       

mfsdb1.log_archive_dest_state_25 = enable                                       
mfsdb2.log_archive_dest_state_25 = enable                                       
mfsdb1.log_archive_dest_state_26 = enable                                       
mfsdb2.log_archive_dest_state_26 = enable                                       
mfsdb1.log_archive_dest_state_27 = enable                                       
mfsdb2.log_archive_dest_state_27 = enable                                       
mfsdb1.log_archive_dest_state_28 = enable                                       
mfsdb2.log_archive_dest_state_28 = enable                                       
mfsdb1.log_archive_dest_state_29 = enable                                       
mfsdb2.log_archive_dest_state_29 = enable                                       
mfsdb1.log_archive_dest_state_3 = enable                                        
mfsdb2.log_archive_dest_state_3 = enable                                        
mfsdb1.log_archive_dest_state_30 = enable                                       

mfsdb2.log_archive_dest_state_30 = enable                                       
mfsdb1.log_archive_dest_state_31 = enable                                       
mfsdb2.log_archive_dest_state_31 = enable                                       
mfsdb1.log_archive_dest_state_4 = enable                                        
mfsdb2.log_archive_dest_state_4 = enable                                        
mfsdb1.log_archive_dest_state_5 = enable                                        
mfsdb2.log_archive_dest_state_5 = enable                                        
mfsdb1.log_archive_dest_state_6 = enable                                        
mfsdb2.log_archive_dest_state_6 = enable                                        
mfsdb1.log_archive_dest_state_7 = enable                                        
mfsdb2.log_archive_dest_state_7 = enable                                        
mfsdb1.log_archive_dest_state_8 = enable                                        
mfsdb2.log_archive_dest_state_8 = enable                                        

mfsdb1.log_archive_dest_state_9 = enable                                        
mfsdb2.log_archive_dest_state_9 = enable                                        
mfsdb1.log_archive_duplex_dest =                                                
mfsdb2.log_archive_duplex_dest =                                                
mfsdb1.log_archive_format = %t_%s_%r.dbf                                        
mfsdb2.log_archive_format = %t_%s_%r.dbf                                        
mfsdb1.log_archive_local_first = TRUE                                           
mfsdb2.log_archive_local_first = TRUE                                           
mfsdb1.log_archive_max_processes = 4                                            
mfsdb2.log_archive_max_processes = 4                                            
mfsdb1.log_archive_min_succeed_dest = 1                                         
mfsdb2.log_archive_min_succeed_dest = 1                                         
mfsdb1.log_archive_start = FALSE                                                

mfsdb2.log_archive_start = FALSE                                                
mfsdb1.log_archive_trace = 0                                                    
mfsdb2.log_archive_trace = 0                                                    
mfsdb1.log_buffer = 23261184                                                    
mfsdb2.log_buffer = 23261184                                                    
mfsdb1.log_checkpoint_interval = 0                                              
mfsdb2.log_checkpoint_interval = 0                                              
mfsdb1.log_checkpoint_timeout = 1800                                            
mfsdb2.log_checkpoint_timeout = 1800                                            
mfsdb1.log_checkpoints_to_alert = FALSE                                         
mfsdb2.log_checkpoints_to_alert = FALSE                                         
mfsdb1.log_file_name_convert =                                                  
mfsdb2.log_file_name_convert =                                                  

mfsdb1.max_dispatchers =                                                        
mfsdb2.max_dispatchers =                                                        
mfsdb1.max_dump_file_size = unlimited                                           
mfsdb2.max_dump_file_size = unlimited                                           
mfsdb1.max_enabled_roles = 150                                                  
mfsdb2.max_enabled_roles = 150                                                  
mfsdb1.max_shared_servers =                                                     
mfsdb2.max_shared_servers =                                                     
mfsdb1.memory_max_target = 0                                                    
mfsdb2.memory_max_target = 0                                                    
mfsdb1.memory_target = 0                                                        
mfsdb2.memory_target = 0                                                        
mfsdb1.nls_calendar =                                                           

mfsdb2.nls_calendar =                                                           
mfsdb1.nls_comp = BINARY                                                        
mfsdb2.nls_comp = BINARY                                                        
mfsdb1.nls_currency =                                                           
mfsdb2.nls_currency =                                                           
mfsdb1.nls_date_format =                                                        
mfsdb2.nls_date_format =                                                        
mfsdb1.nls_date_language =                                                      
mfsdb2.nls_date_language =                                                      
mfsdb1.nls_dual_currency =                                                      
mfsdb2.nls_dual_currency =                                                      
mfsdb1.nls_iso_currency =                                                       
mfsdb2.nls_iso_currency =                                                       

mfsdb1.nls_language = AMERICAN                                                  
mfsdb2.nls_language = AMERICAN                                                  
mfsdb1.nls_length_semantics = BYTE                                              
mfsdb2.nls_length_semantics = BYTE                                              
mfsdb1.nls_nchar_conv_excp = FALSE                                              
mfsdb2.nls_nchar_conv_excp = FALSE                                              
mfsdb1.nls_numeric_characters =                                                 
mfsdb2.nls_numeric_characters =                                                 
mfsdb1.nls_sort =                                                               
mfsdb2.nls_sort =                                                               
mfsdb1.nls_territory = AMERICA                                                  
mfsdb2.nls_territory = AMERICA                                                  
mfsdb1.nls_time_format =                                                        

mfsdb2.nls_time_format =                                                        
mfsdb1.nls_time_tz_format =                                                     
mfsdb2.nls_time_tz_format =                                                     
mfsdb1.nls_timestamp_format =                                                   
mfsdb2.nls_timestamp_format =                                                   
mfsdb1.nls_timestamp_tz_format =                                                
mfsdb2.nls_timestamp_tz_format =                                                
mfsdb1.object_cache_max_size_percent = 10                                       
mfsdb2.object_cache_max_size_percent = 10                                       
mfsdb1.object_cache_optimal_size = 102400                                       
mfsdb2.object_cache_optimal_size = 102400                                       
mfsdb1.olap_page_pool_size = 0                                                  
mfsdb2.olap_page_pool_size = 0                                                  

mfsdb1.open_cursors = 300                                                       
mfsdb2.open_cursors = 300                                                       
mfsdb1.open_links = 4                                                           
mfsdb2.open_links = 4                                                           
mfsdb1.open_links_per_instance = 4                                              
mfsdb2.open_links_per_instance = 4                                              
mfsdb1.optimizer_capture_sql_plan_baselines = FALSE                             
mfsdb2.optimizer_capture_sql_plan_baselines = FALSE                             
mfsdb1.optimizer_dynamic_sampling = 2                                           
mfsdb2.optimizer_dynamic_sampling = 2                                           
mfsdb1.optimizer_features_enable = 11.2.0.4                                     
mfsdb2.optimizer_features_enable = 11.2.0.4                                     
mfsdb1.optimizer_index_caching = 0                                              

mfsdb2.optimizer_index_caching = 0                                              
mfsdb1.optimizer_index_cost_adj = 100                                           
mfsdb2.optimizer_index_cost_adj = 100                                           
mfsdb1.optimizer_mode = ALL_ROWS                                                
mfsdb2.optimizer_mode = ALL_ROWS                                                
mfsdb1.optimizer_secure_view_merging = TRUE                                     
mfsdb2.optimizer_secure_view_merging = TRUE                                     
mfsdb1.optimizer_use_invisible_indexes = FALSE                                  
mfsdb2.optimizer_use_invisible_indexes = FALSE                                  
mfsdb1.optimizer_use_pending_statistics = FALSE                                 
mfsdb2.optimizer_use_pending_statistics = FALSE                                 
mfsdb1.optimizer_use_sql_plan_baselines = TRUE                                  
mfsdb2.optimizer_use_sql_plan_baselines = TRUE                                  

mfsdb1.os_authent_prefix = ops$                                                 
mfsdb2.os_authent_prefix = ops$                                                 
mfsdb1.os_roles = FALSE                                                         
mfsdb2.os_roles = FALSE                                                         
mfsdb1.parallel_adaptive_multi_user = TRUE                                      
mfsdb2.parallel_adaptive_multi_user = TRUE                                      
mfsdb1.parallel_automatic_tuning = FALSE                                        
mfsdb2.parallel_automatic_tuning = FALSE                                        
mfsdb1.parallel_degree_limit = CPU                                              
mfsdb2.parallel_degree_limit = CPU                                              
mfsdb1.parallel_degree_policy = MANUAL                                          
mfsdb2.parallel_degree_policy = MANUAL                                          
mfsdb1.parallel_execution_message_size = 16384                                  

mfsdb2.parallel_execution_message_size = 16384                                  
mfsdb1.parallel_force_local = FALSE                                             
mfsdb2.parallel_force_local = FALSE                                             
mfsdb1.parallel_instance_group =                                                
mfsdb2.parallel_instance_group =                                                
mfsdb1.parallel_io_cap_enabled = FALSE                                          
mfsdb2.parallel_io_cap_enabled = FALSE                                          
mfsdb1.parallel_max_servers = 270                                               
mfsdb2.parallel_max_servers = 270                                               
mfsdb1.parallel_min_percent = 0                                                 
mfsdb2.parallel_min_percent = 0                                                 
mfsdb1.parallel_min_servers = 0                                                 
mfsdb2.parallel_min_servers = 0                                                 

mfsdb1.parallel_min_time_threshold = AUTO                                       
mfsdb2.parallel_min_time_threshold = AUTO                                       
mfsdb1.parallel_server = TRUE                                                   
mfsdb2.parallel_server = TRUE                                                   
mfsdb1.parallel_server_instances = 2                                            
mfsdb2.parallel_server_instances = 2                                            
mfsdb1.parallel_servers_target = 768                                            
mfsdb2.parallel_servers_target = 768                                            
mfsdb1.parallel_threads_per_cpu = 2                                             
mfsdb2.parallel_threads_per_cpu = 2                                             
mfsdb1.permit_92_wrap_format = TRUE                                             
mfsdb2.permit_92_wrap_format = TRUE                                             
mfsdb1.pga_aggregate_target = 536870912                                         

mfsdb2.pga_aggregate_target = 536870912                                         
mfsdb1.plscope_settings = IDENTIFIERS:NONE                                      
mfsdb2.plscope_settings = IDENTIFIERS:NONE                                      
mfsdb1.plsql_ccflags =                                                          
mfsdb2.plsql_ccflags =                                                          
mfsdb1.plsql_code_type = INTERPRETED                                            
mfsdb2.plsql_code_type = INTERPRETED                                            
mfsdb1.plsql_debug = FALSE                                                      
mfsdb2.plsql_debug = FALSE                                                      
mfsdb1.plsql_optimize_level = 2                                                 
mfsdb2.plsql_optimize_level = 2                                                 
mfsdb1.plsql_v2_compatibility = FALSE                                           
mfsdb2.plsql_v2_compatibility = FALSE                                           

mfsdb1.plsql_warnings = DISABLE:ALL                                             
mfsdb2.plsql_warnings = DISABLE:ALL                                             
mfsdb1.pre_page_sga = FALSE                                                     
mfsdb2.pre_page_sga = FALSE                                                     
mfsdb1.processes = 300                                                          
mfsdb2.processes = 300                                                          
mfsdb1.processor_group_name =                                                   
mfsdb2.processor_group_name =                                                   
mfsdb1.query_rewrite_enabled = TRUE                                             
mfsdb2.query_rewrite_enabled = TRUE                                             
mfsdb1.query_rewrite_integrity = enforced                                       
mfsdb2.query_rewrite_integrity = enforced                                       
mfsdb1.rdbms_server_dn =                                                        

mfsdb2.rdbms_server_dn =                                                        
mfsdb1.read_only_open_delayed = FALSE                                           
mfsdb2.read_only_open_delayed = FALSE                                           
mfsdb1.recovery_parallelism = 0                                                 
mfsdb2.recovery_parallelism = 0                                                 
mfsdb1.recyclebin = on                                                          
mfsdb2.recyclebin = on                                                          
mfsdb1.redo_transport_user =                                                    
mfsdb2.redo_transport_user =                                                    
mfsdb1.remote_dependencies_mode = TIMESTAMP                                     
mfsdb2.remote_dependencies_mode = TIMESTAMP                                     
mfsdb1.remote_listener = rac-cluster-scan:1521                                  
mfsdb2.remote_listener = rac-cluster-scan:1521                                  

mfsdb1.remote_login_passwordfile = EXCLUSIVE                                    
mfsdb2.remote_login_passwordfile = EXCLUSIVE                                    
mfsdb1.remote_os_authent = FALSE                                                
mfsdb2.remote_os_authent = FALSE                                                
mfsdb1.remote_os_roles = FALSE                                                  
mfsdb2.remote_os_roles = FALSE                                                  
mfsdb1.replication_dependency_tracking = TRUE                                   
mfsdb2.replication_dependency_tracking = TRUE                                   
mfsdb1.resource_limit = FALSE                                                   
mfsdb2.resource_limit = FALSE                                                   
mfsdb1.resource_manager_cpu_allocation = 48                                     
mfsdb2.resource_manager_cpu_allocation = 48                                     
mfsdb1.resource_manager_plan =                                                  

mfsdb2.resource_manager_plan =                                                  
mfsdb1.result_cache_max_result = 5                                              
mfsdb2.result_cache_max_result = 5                                              
mfsdb1.result_cache_max_size = 8060928                                          
mfsdb2.result_cache_max_size = 8060928                                          
mfsdb1.result_cache_mode = MANUAL                                               
mfsdb2.result_cache_mode = MANUAL                                               
mfsdb1.result_cache_remote_expiration = 0                                       
mfsdb2.result_cache_remote_expiration = 0                                       
mfsdb1.resumable_timeout = 0                                                    
mfsdb2.resumable_timeout = 0                                                    
mfsdb1.rollback_segments =                                                      
mfsdb2.rollback_segments =                                                      

mfsdb1.sec_case_sensitive_logon = TRUE                                          
mfsdb2.sec_case_sensitive_logon = TRUE                                          
mfsdb1.sec_max_failed_login_attempts = 10                                       
mfsdb2.sec_max_failed_login_attempts = 10                                       
mfsdb1.sec_protocol_error_further_action = CONTINUE                             
mfsdb2.sec_protocol_error_further_action = CONTINUE                             
mfsdb1.sec_protocol_error_trace_action = TRACE                                  
mfsdb2.sec_protocol_error_trace_action = TRACE                                  
mfsdb1.sec_return_server_release_banner = FALSE                                 
mfsdb2.sec_return_server_release_banner = FALSE                                 
mfsdb1.serial_reuse = disable                                                   
mfsdb2.serial_reuse = disable                                                   
mfsdb1.service_names = MFSDB                                                    

mfsdb2.service_names = MFSDB                                                    
mfsdb1.session_cached_cursors = 50                                              
mfsdb2.session_cached_cursors = 50                                              
mfsdb1.session_max_open_files = 10                                              
mfsdb2.session_max_open_files = 10                                              
mfsdb1.sessions = 480                                                           
mfsdb2.sessions = 480                                                           
mfsdb1.sga_max_size = 1610612736                                                
mfsdb2.sga_max_size = 1610612736                                                
mfsdb1.sga_target = 1610612736                                                  
mfsdb2.sga_target = 1610612736                                                  
mfsdb1.shadow_core_dump = partial                                               
mfsdb2.shadow_core_dump = partial                                               

mfsdb1.shared_memory_address = 0                                                
mfsdb2.shared_memory_address = 0                                                
mfsdb1.shared_pool_reserved_size = 20132659                                     
mfsdb2.shared_pool_reserved_size = 20132659                                     
mfsdb1.shared_pool_size = 0                                                     
mfsdb2.shared_pool_size = 0                                                     
mfsdb1.shared_server_sessions =                                                 
mfsdb2.shared_server_sessions =                                                 
mfsdb1.shared_servers = 1                                                       
mfsdb2.shared_servers = 1                                                       
mfsdb1.skip_unusable_indexes = TRUE                                             
mfsdb2.skip_unusable_indexes = TRUE                                             
mfsdb1.smtp_out_server =                                                        

mfsdb2.smtp_out_server =                                                        
mfsdb1.sort_area_retained_size = 0                                              
mfsdb2.sort_area_retained_size = 0                                              
mfsdb1.sort_area_size = 65536                                                   
mfsdb2.sort_area_size = 65536                                                   
mfsdb1.spfile = +DATA/mfsdb/spfilemfsdb.ora                                     
mfsdb2.spfile = +DATA/mfsdb/spfilemfsdb.ora                                     
mfsdb1.sql92_security = FALSE                                                   
mfsdb2.sql92_security = FALSE                                                   
mfsdb1.sql_trace = FALSE                                                        
mfsdb2.sql_trace = FALSE                                                        
mfsdb1.sqltune_category = DEFAULT                                               
mfsdb2.sqltune_category = DEFAULT                                               

mfsdb1.standby_archive_dest = ?/dbs/arch                                        
mfsdb2.standby_archive_dest = ?/dbs/arch                                        
mfsdb1.standby_file_management = MANUAL                                         
mfsdb2.standby_file_management = MANUAL                                         
mfsdb1.star_transformation_enabled = FALSE                                      
mfsdb2.star_transformation_enabled = FALSE                                      
mfsdb1.statistics_level = TYPICAL                                               
mfsdb2.statistics_level = TYPICAL                                               
mfsdb1.streams_pool_size = 0                                                    
mfsdb2.streams_pool_size = 0                                                    
mfsdb1.tape_asynch_io = TRUE                                                    
mfsdb2.tape_asynch_io = TRUE                                                    
mfsdb1.thread = 1                                                               

mfsdb2.thread = 2                                                               
mfsdb1.timed_os_statistics = 0                                                  
mfsdb2.timed_os_statistics = 0                                                  
mfsdb1.timed_statistics = TRUE                                                  
mfsdb2.timed_statistics = TRUE                                                  
mfsdb1.trace_enabled = TRUE                                                     
mfsdb2.trace_enabled = TRUE                                                     
mfsdb1.tracefile_identifier =                                                   
mfsdb2.tracefile_identifier =                                                   
mfsdb1.transactions = 528                                                       
mfsdb2.transactions = 528                                                       
mfsdb1.transactions_per_rollback_segment = 5                                    
mfsdb2.transactions_per_rollback_segment = 5                                    

mfsdb1.undo_management = AUTO                                                   
mfsdb2.undo_management = AUTO                                                   
mfsdb1.undo_retention = 900                                                     
mfsdb2.undo_retention = 900                                                     
mfsdb1.undo_tablespace = UNDOTBS2                                               
mfsdb2.undo_tablespace = UNDOTBS1                                               
mfsdb1.use_indirect_data_buffers = FALSE                                        
mfsdb2.use_indirect_data_buffers = FALSE                                        
mfsdb1.use_large_pages = TRUE                                                   
mfsdb2.use_large_pages = TRUE                                                   
mfsdb1.user_dump_dest = /u01/app/oracle/diag/rdbms/mfsdb/mfsdb1/trace           
mfsdb2.user_dump_dest = /u01/app/oracle/diag/rdbms/mfsdb/mfsdb2/trace           
mfsdb1.utl_file_dir =                                                           

mfsdb2.utl_file_dir =                                                           
mfsdb1.workarea_size_policy = AUTO                                              
mfsdb2.workarea_size_policy = AUTO                                              
mfsdb1.xml_db_events = enable                                                   
mfsdb2.xml_db_events = enable                                                   
