
racdb1.O7_DICTIONARY_ACCESSIBILITY = FALSE                                      
racdb2.O7_DICTIONARY_ACCESSIBILITY = FALSE                                      
racdb1.active_instance_count =                                                  
racdb2.active_instance_count =                                                  
racdb1.aq_tm_processes = 1                                                      
racdb2.aq_tm_processes = 1                                                      
racdb1.archive_lag_target = 0                                                   
racdb2.archive_lag_target = 0                                                   
racdb1.asm_diskgroups =                                                         
racdb2.asm_diskgroups =                                                         
racdb1.asm_diskstring =                                                         
racdb2.asm_diskstring =                                                         
racdb1.asm_power_limit = 1                                                      

racdb2.asm_power_limit = 1                                                      
racdb1.asm_preferred_read_failure_groups =                                      
racdb2.asm_preferred_read_failure_groups =                                      
racdb1.audit_file_dest = /u01/app/oracle/admin/racdb/adump                      
racdb2.audit_file_dest = /u01/app/oracle/admin/racdb/adump                      
racdb1.audit_sys_operations = FALSE                                             
racdb2.audit_sys_operations = FALSE                                             
racdb1.audit_syslog_level =                                                     
racdb2.audit_syslog_level =                                                     
racdb1.audit_trail = DB                                                         
racdb2.audit_trail = DB                                                         
racdb1.awr_snapshot_time_offset = 0                                             
racdb2.awr_snapshot_time_offset = 0                                             

racdb1.background_core_dump = partial                                           
racdb2.background_core_dump = partial                                           
racdb1.background_dump_dest = /u01/app/oracle/diag/rdbms/racdb/racdb1/trace     
racdb2.background_dump_dest = /u01/app/oracle/diag/rdbms/racdb/racdb2/trace     
racdb1.backup_tape_io_slaves = FALSE                                            
racdb2.backup_tape_io_slaves = FALSE                                            
racdb1.bitmap_merge_area_size = 1048576                                         
racdb2.bitmap_merge_area_size = 1048576                                         
racdb1.blank_trimming = FALSE                                                   
racdb2.blank_trimming = FALSE                                                   
racdb1.buffer_pool_keep =                                                       
racdb2.buffer_pool_keep =                                                       
racdb1.buffer_pool_recycle =                                                    

racdb2.buffer_pool_recycle =                                                    
racdb1.cell_offload_compaction = ADAPTIVE                                       
racdb2.cell_offload_compaction = ADAPTIVE                                       
racdb1.cell_offload_decryption = TRUE                                           
racdb2.cell_offload_decryption = TRUE                                           
racdb1.cell_offload_parameters =                                                
racdb2.cell_offload_parameters =                                                
racdb1.cell_offload_plan_display = AUTO                                         
racdb2.cell_offload_plan_display = AUTO                                         
racdb1.cell_offload_processing = TRUE                                           
racdb2.cell_offload_processing = TRUE                                           
racdb1.cell_offloadgroup_name =                                                 
racdb2.cell_offloadgroup_name =                                                 

racdb1.circuits =                                                               
racdb2.circuits =                                                               
racdb1.client_result_cache_lag = 3000                                           
racdb2.client_result_cache_lag = 3000                                           
racdb1.client_result_cache_size = 0                                             
racdb2.client_result_cache_size = 0                                             
racdb1.clonedb = FALSE                                                          
racdb2.clonedb = FALSE                                                          
racdb1.cluster_database = TRUE                                                  
racdb2.cluster_database = TRUE                                                  
racdb1.cluster_database_instances = 2                                           
racdb2.cluster_database_instances = 2                                           
racdb1.cluster_interconnects =                                                  

racdb2.cluster_interconnects =                                                  
racdb1.commit_logging =                                                         
racdb2.commit_logging =                                                         
racdb1.commit_point_strength = 1                                                
racdb2.commit_point_strength = 1                                                
racdb1.commit_wait =                                                            
racdb2.commit_wait =                                                            
racdb1.commit_write =                                                           
racdb2.commit_write =                                                           
racdb1.compatible = 11.2.0.4.0                                                  
racdb2.compatible = 11.2.0.4.0                                                  
racdb1.control_file_record_keep_time = 7                                        
racdb2.control_file_record_keep_time = 7                                        

racdb1.control_files = +DATA/racdb/controlfile/current.282.877213289, +FLASH/rac
db/controlfile/current.260.877213289                                            
                                                                                
racdb2.control_files = +DATA/racdb/controlfile/current.282.877213289, +FLASH/rac
db/controlfile/current.260.877213289                                            
                                                                                
racdb1.control_management_pack_access = DIAGNOSTIC+TUNING                       
racdb2.control_management_pack_access = DIAGNOSTIC+TUNING                       
racdb1.core_dump_dest = /u01/app/oracle/diag/rdbms/racdb/racdb1/cdump           
racdb2.core_dump_dest = /u01/app/oracle/diag/rdbms/racdb/racdb2/cdump           
racdb1.cpu_count = 48                                                           
racdb2.cpu_count = 48                                                           
racdb1.create_bitmap_area_size = 8388608                                        

racdb2.create_bitmap_area_size = 8388608                                        
racdb1.create_stored_outlines =                                                 
racdb2.create_stored_outlines =                                                 
racdb1.cursor_bind_capture_destination = memory+disk                            
racdb2.cursor_bind_capture_destination = memory+disk                            
racdb1.cursor_sharing = EXACT                                                   
racdb2.cursor_sharing = EXACT                                                   
racdb1.cursor_space_for_time = FALSE                                            
racdb2.cursor_space_for_time = FALSE                                            
racdb1.db_16k_cache_size = 0                                                    
racdb2.db_16k_cache_size = 0                                                    
racdb1.db_2k_cache_size = 0                                                     
racdb2.db_2k_cache_size = 0                                                     

racdb1.db_32k_cache_size = 0                                                    
racdb2.db_32k_cache_size = 0                                                    
racdb1.db_4k_cache_size = 0                                                     
racdb2.db_4k_cache_size = 0                                                     
racdb1.db_8k_cache_size = 0                                                     
racdb2.db_8k_cache_size = 0                                                     
racdb1.db_block_buffers = 0                                                     
racdb2.db_block_buffers = 0                                                     
racdb1.db_block_checking = FALSE                                                
racdb2.db_block_checking = FALSE                                                
racdb1.db_block_checksum = TYPICAL                                              
racdb2.db_block_checksum = TYPICAL                                              
racdb1.db_block_size = 8192                                                     

racdb2.db_block_size = 8192                                                     
racdb1.db_cache_advice = ON                                                     
racdb2.db_cache_advice = ON                                                     
racdb1.db_cache_size = 0                                                        
racdb2.db_cache_size = 0                                                        
racdb1.db_create_file_dest = +data                                              
racdb2.db_create_file_dest = +data                                              
racdb1.db_create_online_log_dest_1 = +flash                                     
racdb2.db_create_online_log_dest_1 = +flash                                     
racdb1.db_create_online_log_dest_2 =                                            
racdb2.db_create_online_log_dest_2 =                                            
racdb1.db_create_online_log_dest_3 =                                            
racdb2.db_create_online_log_dest_3 =                                            

racdb1.db_create_online_log_dest_4 =                                            
racdb2.db_create_online_log_dest_4 =                                            
racdb1.db_create_online_log_dest_5 =                                            
racdb2.db_create_online_log_dest_5 =                                            
racdb1.db_domain =                                                              
racdb2.db_domain =                                                              
racdb1.db_file_multiblock_read_count = 128                                      
racdb2.db_file_multiblock_read_count = 128                                      
racdb1.db_file_name_convert =                                                   
racdb2.db_file_name_convert =                                                   
racdb1.db_files = 200                                                           
racdb2.db_files = 200                                                           
racdb1.db_flash_cache_file =                                                    

racdb2.db_flash_cache_file =                                                    
racdb1.db_flash_cache_size = 0                                                  
racdb2.db_flash_cache_size = 0                                                  
racdb1.db_flashback_retention_target = 1440                                     
racdb2.db_flashback_retention_target = 1440                                     
racdb1.db_keep_cache_size = 0                                                   
racdb2.db_keep_cache_size = 0                                                   
racdb1.db_lost_write_protect = NONE                                             
racdb2.db_lost_write_protect = NONE                                             
racdb1.db_name = RACDB                                                          
racdb2.db_name = RACDB                                                          
racdb1.db_recovery_file_dest = +FLASH                                           
racdb2.db_recovery_file_dest = +FLASH                                           

racdb1.db_recovery_file_dest_size = 42949672960                                 
racdb2.db_recovery_file_dest_size = 42949672960                                 
racdb1.db_recycle_cache_size = 0                                                
racdb2.db_recycle_cache_size = 0                                                
racdb1.db_securefile = PERMITTED                                                
racdb2.db_securefile = PERMITTED                                                
racdb1.db_ultra_safe = OFF                                                      
racdb2.db_ultra_safe = OFF                                                      
racdb1.db_unique_name = RACDB                                                   
racdb2.db_unique_name = RACDB                                                   
racdb1.db_unrecoverable_scn_tracking = TRUE                                     
racdb2.db_unrecoverable_scn_tracking = TRUE                                     
racdb1.db_writer_processes = 6                                                  

racdb2.db_writer_processes = 6                                                  
racdb1.dbwr_io_slaves = 0                                                       
racdb2.dbwr_io_slaves = 0                                                       
racdb1.ddl_lock_timeout = 0                                                     
racdb2.ddl_lock_timeout = 0                                                     
racdb1.deferred_segment_creation = TRUE                                         
racdb2.deferred_segment_creation = TRUE                                         
racdb1.dg_broker_config_file1 = /u01/app/oracle/product/11.2.0.4/db_1/dbs/dr1RAC
DB.dat                                                                          
                                                                                
racdb2.dg_broker_config_file1 = /u01/app/oracle/product/11.2.0.4/db_1/dbs/dr1RAC
DB.dat                                                                          
                                                                                

racdb1.dg_broker_config_file2 = /u01/app/oracle/product/11.2.0.4/db_1/dbs/dr2RAC
DB.dat                                                                          
                                                                                
racdb2.dg_broker_config_file2 = /u01/app/oracle/product/11.2.0.4/db_1/dbs/dr2RAC
DB.dat                                                                          
                                                                                
racdb1.dg_broker_start = FALSE                                                  
racdb2.dg_broker_start = FALSE                                                  
racdb1.diagnostic_dest = /u01/app/oracle                                        
racdb2.diagnostic_dest = /u01/app/oracle                                        
racdb1.disk_asynch_io = TRUE                                                    
racdb2.disk_asynch_io = TRUE                                                    
racdb1.dispatchers = (PROTOCOL=TCP) (SERVICE=racdbXDB)                          

racdb2.dispatchers = (PROTOCOL=TCP) (SERVICE=racdbXDB)                          
racdb1.distributed_lock_timeout = 60                                            
racdb2.distributed_lock_timeout = 60                                            
racdb1.dml_locks = 3588                                                         
racdb2.dml_locks = 3588                                                         
racdb1.dnfs_batch_size = 4096                                                   
racdb2.dnfs_batch_size = 4096                                                   
racdb1.dst_upgrade_insert_conv = TRUE                                           
racdb2.dst_upgrade_insert_conv = TRUE                                           
racdb1.enable_ddl_logging = FALSE                                               
racdb2.enable_ddl_logging = FALSE                                               
racdb1.enable_goldengate_replication = FALSE                                    
racdb2.enable_goldengate_replication = FALSE                                    

racdb1.event =                                                                  
racdb2.event =                                                                  
racdb1.fal_client =                                                             
racdb2.fal_client =                                                             
racdb1.fal_server =                                                             
racdb2.fal_server =                                                             
racdb1.fast_start_io_target = 0                                                 
racdb2.fast_start_io_target = 0                                                 
racdb1.fast_start_mttr_target = 0                                               
racdb2.fast_start_mttr_target = 0                                               
racdb1.fast_start_parallel_rollback = LOW                                       
racdb2.fast_start_parallel_rollback = LOW                                       
racdb1.file_mapping = FALSE                                                     

racdb2.file_mapping = FALSE                                                     
racdb1.fileio_network_adapters =                                                
racdb2.fileio_network_adapters =                                                
racdb1.filesystemio_options = none                                              
racdb2.filesystemio_options = none                                              
racdb1.fixed_date =                                                             
racdb2.fixed_date =                                                             
racdb1.gcs_server_processes = 3                                                 
racdb2.gcs_server_processes = 3                                                 
racdb1.global_context_pool_size =                                               
racdb2.global_context_pool_size =                                               
racdb1.global_names = FALSE                                                     
racdb2.global_names = FALSE                                                     

racdb1.global_txn_processes = 1                                                 
racdb2.global_txn_processes = 1                                                 
racdb1.hash_area_size = 131072                                                  
racdb2.hash_area_size = 131072                                                  
racdb1.hi_shared_memory_address = 0                                             
racdb2.hi_shared_memory_address = 0                                             
racdb1.hs_autoregister = TRUE                                                   
racdb2.hs_autoregister = TRUE                                                   
racdb1.ifile =                                                                  
racdb2.ifile =                                                                  
racdb1.instance_groups =                                                        
racdb2.instance_groups =                                                        
racdb1.instance_name = racdb1                                                   

racdb2.instance_name = racdb2                                                   
racdb1.instance_number = 1                                                      
racdb2.instance_number = 2                                                      
racdb1.instance_type = RDBMS                                                    
racdb2.instance_type = RDBMS                                                    
racdb1.instant_restore = FALSE                                                  
racdb2.instant_restore = FALSE                                                  
racdb1.java_jit_enabled = TRUE                                                  
racdb2.java_jit_enabled = TRUE                                                  
racdb1.java_max_sessionspace_size = 0                                           
racdb2.java_max_sessionspace_size = 0                                           
racdb1.java_pool_size = 0                                                       
racdb2.java_pool_size = 0                                                       

racdb1.java_restrict = none                                                     
racdb2.java_restrict = none                                                     
racdb1.java_soft_sessionspace_limit = 0                                         
racdb2.java_soft_sessionspace_limit = 0                                         
racdb1.job_queue_processes = 1000                                               
racdb2.job_queue_processes = 1000                                               
racdb1.large_pool_size = 0                                                      
racdb2.large_pool_size = 0                                                      
racdb1.ldap_directory_access = NONE                                             
racdb2.ldap_directory_access = NONE                                             
racdb1.ldap_directory_sysauth = no                                              
racdb2.ldap_directory_sysauth = no                                              
racdb1.license_max_sessions = 0                                                 

racdb2.license_max_sessions = 0                                                 
racdb1.license_max_users = 0                                                    
racdb2.license_max_users = 0                                                    
racdb1.license_sessions_warning = 0                                             
racdb2.license_sessions_warning = 0                                             
racdb1.listener_networks =                                                      
racdb2.listener_networks =                                                      
racdb1.local_listener =  (ADDRESS=(PROTOCOL=TCP)(HOST=192.168.200.13)(PORT=1521)
)                                                                               
                                                                                
racdb2.local_listener =  (ADDRESS=(PROTOCOL=TCP)(HOST=192.168.200.14)(PORT=1521)
)                                                                               
                                                                                

racdb1.lock_name_space =                                                        
racdb2.lock_name_space =                                                        
racdb1.lock_sga = FALSE                                                         
racdb2.lock_sga = FALSE                                                         
racdb1.log_archive_config =                                                     
racdb2.log_archive_config =                                                     
racdb1.log_archive_dest =                                                       
racdb2.log_archive_dest =                                                       
racdb1.log_archive_dest_1 =                                                     
racdb2.log_archive_dest_1 =                                                     
racdb1.log_archive_dest_10 =                                                    
racdb2.log_archive_dest_10 =                                                    
racdb1.log_archive_dest_11 =                                                    

racdb2.log_archive_dest_11 =                                                    
racdb1.log_archive_dest_12 =                                                    
racdb2.log_archive_dest_12 =                                                    
racdb1.log_archive_dest_13 =                                                    
racdb2.log_archive_dest_13 =                                                    
racdb1.log_archive_dest_14 =                                                    
racdb2.log_archive_dest_14 =                                                    
racdb1.log_archive_dest_15 =                                                    
racdb2.log_archive_dest_15 =                                                    
racdb1.log_archive_dest_16 =                                                    
racdb2.log_archive_dest_16 =                                                    
racdb1.log_archive_dest_17 =                                                    
racdb2.log_archive_dest_17 =                                                    

racdb1.log_archive_dest_18 =                                                    
racdb2.log_archive_dest_18 =                                                    
racdb1.log_archive_dest_19 =                                                    
racdb2.log_archive_dest_19 =                                                    
racdb1.log_archive_dest_2 =                                                     
racdb2.log_archive_dest_2 =                                                     
racdb1.log_archive_dest_20 =                                                    
racdb2.log_archive_dest_20 =                                                    
racdb1.log_archive_dest_21 =                                                    
racdb2.log_archive_dest_21 =                                                    
racdb1.log_archive_dest_22 =                                                    
racdb2.log_archive_dest_22 =                                                    
racdb1.log_archive_dest_23 =                                                    

racdb2.log_archive_dest_23 =                                                    
racdb1.log_archive_dest_24 =                                                    
racdb2.log_archive_dest_24 =                                                    
racdb1.log_archive_dest_25 =                                                    
racdb2.log_archive_dest_25 =                                                    
racdb1.log_archive_dest_26 =                                                    
racdb2.log_archive_dest_26 =                                                    
racdb1.log_archive_dest_27 =                                                    
racdb2.log_archive_dest_27 =                                                    
racdb1.log_archive_dest_28 =                                                    
racdb2.log_archive_dest_28 =                                                    
racdb1.log_archive_dest_29 =                                                    
racdb2.log_archive_dest_29 =                                                    

racdb1.log_archive_dest_3 =                                                     
racdb2.log_archive_dest_3 =                                                     
racdb1.log_archive_dest_30 =                                                    
racdb2.log_archive_dest_30 =                                                    
racdb1.log_archive_dest_31 =                                                    
racdb2.log_archive_dest_31 =                                                    
racdb1.log_archive_dest_4 =                                                     
racdb2.log_archive_dest_4 =                                                     
racdb1.log_archive_dest_5 =                                                     
racdb2.log_archive_dest_5 =                                                     
racdb1.log_archive_dest_6 =                                                     
racdb2.log_archive_dest_6 =                                                     
racdb1.log_archive_dest_7 =                                                     

racdb2.log_archive_dest_7 =                                                     
racdb1.log_archive_dest_8 =                                                     
racdb2.log_archive_dest_8 =                                                     
racdb1.log_archive_dest_9 =                                                     
racdb2.log_archive_dest_9 =                                                     
racdb1.log_archive_dest_state_1 = enable                                        
racdb2.log_archive_dest_state_1 = enable                                        
racdb1.log_archive_dest_state_10 = enable                                       
racdb2.log_archive_dest_state_10 = enable                                       
racdb1.log_archive_dest_state_11 = enable                                       
racdb2.log_archive_dest_state_11 = enable                                       
racdb1.log_archive_dest_state_12 = enable                                       
racdb2.log_archive_dest_state_12 = enable                                       

racdb1.log_archive_dest_state_13 = enable                                       
racdb2.log_archive_dest_state_13 = enable                                       
racdb1.log_archive_dest_state_14 = enable                                       
racdb2.log_archive_dest_state_14 = enable                                       
racdb1.log_archive_dest_state_15 = enable                                       
racdb2.log_archive_dest_state_15 = enable                                       
racdb1.log_archive_dest_state_16 = enable                                       
racdb2.log_archive_dest_state_16 = enable                                       
racdb1.log_archive_dest_state_17 = enable                                       
racdb2.log_archive_dest_state_17 = enable                                       
racdb1.log_archive_dest_state_18 = enable                                       
racdb2.log_archive_dest_state_18 = enable                                       
racdb1.log_archive_dest_state_19 = enable                                       

racdb2.log_archive_dest_state_19 = enable                                       
racdb1.log_archive_dest_state_2 = enable                                        
racdb2.log_archive_dest_state_2 = enable                                        
racdb1.log_archive_dest_state_20 = enable                                       
racdb2.log_archive_dest_state_20 = enable                                       
racdb1.log_archive_dest_state_21 = enable                                       
racdb2.log_archive_dest_state_21 = enable                                       
racdb1.log_archive_dest_state_22 = enable                                       
racdb2.log_archive_dest_state_22 = enable                                       
racdb1.log_archive_dest_state_23 = enable                                       
racdb2.log_archive_dest_state_23 = enable                                       
racdb1.log_archive_dest_state_24 = enable                                       
racdb2.log_archive_dest_state_24 = enable                                       

racdb1.log_archive_dest_state_25 = enable                                       
racdb2.log_archive_dest_state_25 = enable                                       
racdb1.log_archive_dest_state_26 = enable                                       
racdb2.log_archive_dest_state_26 = enable                                       
racdb1.log_archive_dest_state_27 = enable                                       
racdb2.log_archive_dest_state_27 = enable                                       
racdb1.log_archive_dest_state_28 = enable                                       
racdb2.log_archive_dest_state_28 = enable                                       
racdb1.log_archive_dest_state_29 = enable                                       
racdb2.log_archive_dest_state_29 = enable                                       
racdb1.log_archive_dest_state_3 = enable                                        
racdb2.log_archive_dest_state_3 = enable                                        
racdb1.log_archive_dest_state_30 = enable                                       

racdb2.log_archive_dest_state_30 = enable                                       
racdb1.log_archive_dest_state_31 = enable                                       
racdb2.log_archive_dest_state_31 = enable                                       
racdb1.log_archive_dest_state_4 = enable                                        
racdb2.log_archive_dest_state_4 = enable                                        
racdb1.log_archive_dest_state_5 = enable                                        
racdb2.log_archive_dest_state_5 = enable                                        
racdb1.log_archive_dest_state_6 = enable                                        
racdb2.log_archive_dest_state_6 = enable                                        
racdb1.log_archive_dest_state_7 = enable                                        
racdb2.log_archive_dest_state_7 = enable                                        
racdb1.log_archive_dest_state_8 = enable                                        
racdb2.log_archive_dest_state_8 = enable                                        

racdb1.log_archive_dest_state_9 = enable                                        
racdb2.log_archive_dest_state_9 = enable                                        
racdb1.log_archive_duplex_dest =                                                
racdb2.log_archive_duplex_dest =                                                
racdb1.log_archive_format = %t_%s_%r.dbf                                        
racdb2.log_archive_format = %t_%s_%r.dbf                                        
racdb1.log_archive_local_first = TRUE                                           
racdb2.log_archive_local_first = TRUE                                           
racdb1.log_archive_max_processes = 4                                            
racdb2.log_archive_max_processes = 4                                            
racdb1.log_archive_min_succeed_dest = 1                                         
racdb2.log_archive_min_succeed_dest = 1                                         
racdb1.log_archive_start = FALSE                                                

racdb2.log_archive_start = FALSE                                                
racdb1.log_archive_trace = 0                                                    
racdb2.log_archive_trace = 0                                                    
racdb1.log_buffer = 44163072                                                    
racdb2.log_buffer = 44163072                                                    
racdb1.log_checkpoint_interval = 0                                              
racdb2.log_checkpoint_interval = 0                                              
racdb1.log_checkpoint_timeout = 1800                                            
racdb2.log_checkpoint_timeout = 1800                                            
racdb1.log_checkpoints_to_alert = FALSE                                         
racdb2.log_checkpoints_to_alert = FALSE                                         
racdb1.log_file_name_convert =                                                  
racdb2.log_file_name_convert =                                                  

racdb1.max_dispatchers =                                                        
racdb2.max_dispatchers =                                                        
racdb1.max_dump_file_size = unlimited                                           
racdb2.max_dump_file_size = unlimited                                           
racdb1.max_enabled_roles = 150                                                  
racdb2.max_enabled_roles = 150                                                  
racdb1.max_shared_servers =                                                     
racdb2.max_shared_servers =                                                     
racdb1.memory_max_target = 0                                                    
racdb2.memory_max_target = 0                                                    
racdb1.memory_target = 0                                                        
racdb2.memory_target = 0                                                        
racdb1.nls_calendar =                                                           

racdb2.nls_calendar =                                                           
racdb1.nls_comp = BINARY                                                        
racdb2.nls_comp = BINARY                                                        
racdb1.nls_currency =                                                           
racdb2.nls_currency =                                                           
racdb1.nls_date_format =                                                        
racdb2.nls_date_format =                                                        
racdb1.nls_date_language =                                                      
racdb2.nls_date_language =                                                      
racdb1.nls_dual_currency =                                                      
racdb2.nls_dual_currency =                                                      
racdb1.nls_iso_currency =                                                       
racdb2.nls_iso_currency =                                                       

racdb1.nls_language = AMERICAN                                                  
racdb2.nls_language = AMERICAN                                                  
racdb1.nls_length_semantics = BYTE                                              
racdb2.nls_length_semantics = BYTE                                              
racdb1.nls_nchar_conv_excp = FALSE                                              
racdb2.nls_nchar_conv_excp = FALSE                                              
racdb1.nls_numeric_characters =                                                 
racdb2.nls_numeric_characters =                                                 
racdb1.nls_sort =                                                               
racdb2.nls_sort =                                                               
racdb1.nls_territory = AMERICA                                                  
racdb2.nls_territory = AMERICA                                                  
racdb1.nls_time_format =                                                        

racdb2.nls_time_format =                                                        
racdb1.nls_time_tz_format =                                                     
racdb2.nls_time_tz_format =                                                     
racdb1.nls_timestamp_format =                                                   
racdb2.nls_timestamp_format =                                                   
racdb1.nls_timestamp_tz_format =                                                
racdb2.nls_timestamp_tz_format =                                                
racdb1.object_cache_max_size_percent = 10                                       
racdb2.object_cache_max_size_percent = 10                                       
racdb1.object_cache_optimal_size = 102400                                       
racdb2.object_cache_optimal_size = 102400                                       
racdb1.olap_page_pool_size = 0                                                  
racdb2.olap_page_pool_size = 0                                                  

racdb1.open_cursors = 300                                                       
racdb2.open_cursors = 300                                                       
racdb1.open_links = 4                                                           
racdb2.open_links = 4                                                           
racdb1.open_links_per_instance = 4                                              
racdb2.open_links_per_instance = 4                                              
racdb1.optimizer_capture_sql_plan_baselines = FALSE                             
racdb2.optimizer_capture_sql_plan_baselines = FALSE                             
racdb1.optimizer_dynamic_sampling = 2                                           
racdb2.optimizer_dynamic_sampling = 2                                           
racdb1.optimizer_features_enable = 11.2.0.4                                     
racdb2.optimizer_features_enable = 11.2.0.4                                     
racdb1.optimizer_index_caching = 0                                              

racdb2.optimizer_index_caching = 0                                              
racdb1.optimizer_index_cost_adj = 100                                           
racdb2.optimizer_index_cost_adj = 100                                           
racdb1.optimizer_mode = ALL_ROWS                                                
racdb2.optimizer_mode = ALL_ROWS                                                
racdb1.optimizer_secure_view_merging = TRUE                                     
racdb2.optimizer_secure_view_merging = TRUE                                     
racdb1.optimizer_use_invisible_indexes = FALSE                                  
racdb2.optimizer_use_invisible_indexes = FALSE                                  
racdb1.optimizer_use_pending_statistics = FALSE                                 
racdb2.optimizer_use_pending_statistics = FALSE                                 
racdb1.optimizer_use_sql_plan_baselines = TRUE                                  
racdb2.optimizer_use_sql_plan_baselines = TRUE                                  

racdb1.os_authent_prefix = ops$                                                 
racdb2.os_authent_prefix = ops$                                                 
racdb1.os_roles = FALSE                                                         
racdb2.os_roles = FALSE                                                         
racdb1.parallel_adaptive_multi_user = TRUE                                      
racdb2.parallel_adaptive_multi_user = TRUE                                      
racdb1.parallel_automatic_tuning = FALSE                                        
racdb2.parallel_automatic_tuning = FALSE                                        
racdb1.parallel_degree_limit = CPU                                              
racdb2.parallel_degree_limit = CPU                                              
racdb1.parallel_degree_policy = MANUAL                                          
racdb2.parallel_degree_policy = MANUAL                                          
racdb1.parallel_execution_message_size = 16384                                  

racdb2.parallel_execution_message_size = 16384                                  
racdb1.parallel_force_local = FALSE                                             
racdb2.parallel_force_local = FALSE                                             
racdb1.parallel_instance_group =                                                
racdb2.parallel_instance_group =                                                
racdb1.parallel_io_cap_enabled = FALSE                                          
racdb2.parallel_io_cap_enabled = FALSE                                          
racdb1.parallel_max_servers = 470                                               
racdb2.parallel_max_servers = 470                                               
racdb1.parallel_min_percent = 0                                                 
racdb2.parallel_min_percent = 0                                                 
racdb1.parallel_min_servers = 0                                                 
racdb2.parallel_min_servers = 0                                                 

racdb1.parallel_min_time_threshold = AUTO                                       
racdb2.parallel_min_time_threshold = AUTO                                       
racdb1.parallel_server = TRUE                                                   
racdb2.parallel_server = TRUE                                                   
racdb1.parallel_server_instances = 2                                            
racdb2.parallel_server_instances = 2                                            
racdb1.parallel_servers_target = 768                                            
racdb2.parallel_servers_target = 768                                            
racdb1.parallel_threads_per_cpu = 2                                             
racdb2.parallel_threads_per_cpu = 2                                             
racdb1.permit_92_wrap_format = TRUE                                             
racdb2.permit_92_wrap_format = TRUE                                             
racdb1.pga_aggregate_target = 6442450944                                        

racdb2.pga_aggregate_target = 6442450944                                        
racdb1.plscope_settings = IDENTIFIERS:NONE                                      
racdb2.plscope_settings = IDENTIFIERS:NONE                                      
racdb1.plsql_ccflags =                                                          
racdb2.plsql_ccflags =                                                          
racdb1.plsql_code_type = INTERPRETED                                            
racdb2.plsql_code_type = INTERPRETED                                            
racdb1.plsql_debug = FALSE                                                      
racdb2.plsql_debug = FALSE                                                      
racdb1.plsql_optimize_level = 2                                                 
racdb2.plsql_optimize_level = 2                                                 
racdb1.plsql_v2_compatibility = FALSE                                           
racdb2.plsql_v2_compatibility = FALSE                                           

racdb1.plsql_warnings = DISABLE:ALL                                             
racdb2.plsql_warnings = DISABLE:ALL                                             
racdb1.pre_page_sga = FALSE                                                     
racdb2.pre_page_sga = FALSE                                                     
racdb1.processes = 500                                                          
racdb2.processes = 500                                                          
racdb1.processor_group_name =                                                   
racdb2.processor_group_name =                                                   
racdb1.query_rewrite_enabled = TRUE                                             
racdb2.query_rewrite_enabled = TRUE                                             
racdb1.query_rewrite_integrity = enforced                                       
racdb2.query_rewrite_integrity = enforced                                       
racdb1.rdbms_server_dn =                                                        

racdb2.rdbms_server_dn =                                                        
racdb1.read_only_open_delayed = FALSE                                           
racdb2.read_only_open_delayed = FALSE                                           
racdb1.recovery_parallelism = 0                                                 
racdb2.recovery_parallelism = 0                                                 
racdb1.recyclebin = on                                                          
racdb2.recyclebin = on                                                          
racdb1.redo_transport_user =                                                    
racdb2.redo_transport_user =                                                    
racdb1.remote_dependencies_mode = TIMESTAMP                                     
racdb2.remote_dependencies_mode = TIMESTAMP                                     
racdb1.remote_listener = rac-cluster-scan:1521                                  
racdb2.remote_listener = rac-cluster-scan:1521                                  

racdb1.remote_login_passwordfile = EXCLUSIVE                                    
racdb2.remote_login_passwordfile = EXCLUSIVE                                    
racdb1.remote_os_authent = FALSE                                                
racdb2.remote_os_authent = FALSE                                                
racdb1.remote_os_roles = FALSE                                                  
racdb2.remote_os_roles = FALSE                                                  
racdb1.replication_dependency_tracking = TRUE                                   
racdb2.replication_dependency_tracking = TRUE                                   
racdb1.resource_limit = FALSE                                                   
racdb2.resource_limit = FALSE                                                   
racdb1.resource_manager_cpu_allocation = 48                                     
racdb2.resource_manager_cpu_allocation = 48                                     
racdb1.resource_manager_plan =                                                  

racdb2.resource_manager_plan =                                                  
racdb1.result_cache_max_result = 5                                              
racdb2.result_cache_max_result = 5                                              
racdb1.result_cache_max_size = 96665600                                         
racdb2.result_cache_max_size = 96665600                                         
racdb1.result_cache_mode = MANUAL                                               
racdb2.result_cache_mode = MANUAL                                               
racdb1.result_cache_remote_expiration = 0                                       
racdb2.result_cache_remote_expiration = 0                                       
racdb1.resumable_timeout = 0                                                    
racdb2.resumable_timeout = 0                                                    
racdb1.rollback_segments =                                                      
racdb2.rollback_segments =                                                      

racdb1.sec_case_sensitive_logon = TRUE                                          
racdb2.sec_case_sensitive_logon = TRUE                                          
racdb1.sec_max_failed_login_attempts = 10                                       
racdb2.sec_max_failed_login_attempts = 10                                       
racdb1.sec_protocol_error_further_action = CONTINUE                             
racdb2.sec_protocol_error_further_action = CONTINUE                             
racdb1.sec_protocol_error_trace_action = TRACE                                  
racdb2.sec_protocol_error_trace_action = TRACE                                  
racdb1.sec_return_server_release_banner = FALSE                                 
racdb2.sec_return_server_release_banner = FALSE                                 
racdb1.serial_reuse = disable                                                   
racdb2.serial_reuse = disable                                                   
racdb1.service_names = RACDB                                                    

racdb2.service_names = RACDB                                                    
racdb1.session_cached_cursors = 50                                              
racdb2.session_cached_cursors = 50                                              
racdb1.session_max_open_files = 10                                              
racdb2.session_max_open_files = 10                                              
racdb1.sessions = 816                                                           
racdb2.sessions = 816                                                           
racdb1.sga_max_size = 19327352832                                               
racdb2.sga_max_size = 19327352832                                               
racdb1.sga_target = 19327352832                                                 
racdb2.sga_target = 19327352832                                                 
racdb1.shadow_core_dump = partial                                               
racdb2.shadow_core_dump = partial                                               

racdb1.shared_memory_address = 0                                                
racdb2.shared_memory_address = 0                                                
racdb1.shared_pool_reserved_size = 144284057                                    
racdb2.shared_pool_reserved_size = 144284057                                    
racdb1.shared_pool_size = 0                                                     
racdb2.shared_pool_size = 0                                                     
racdb1.shared_server_sessions =                                                 
racdb2.shared_server_sessions =                                                 
racdb1.shared_servers = 1                                                       
racdb2.shared_servers = 1                                                       
racdb1.skip_unusable_indexes = TRUE                                             
racdb2.skip_unusable_indexes = TRUE                                             
racdb1.smtp_out_server =                                                        

racdb2.smtp_out_server =                                                        
racdb1.sort_area_retained_size = 0                                              
racdb2.sort_area_retained_size = 0                                              
racdb1.sort_area_size = 65536                                                   
racdb2.sort_area_size = 65536                                                   
racdb1.spfile = +DATA/racdb/spfileracdb.ora                                     
racdb2.spfile = +DATA/racdb/spfileracdb.ora                                     
racdb1.sql92_security = FALSE                                                   
racdb2.sql92_security = FALSE                                                   
racdb1.sql_trace = FALSE                                                        
racdb2.sql_trace = FALSE                                                        
racdb1.sqltune_category = DEFAULT                                               
racdb2.sqltune_category = DEFAULT                                               

racdb1.standby_archive_dest = ?/dbs/arch                                        
racdb2.standby_archive_dest = ?/dbs/arch                                        
racdb1.standby_file_management = MANUAL                                         
racdb2.standby_file_management = MANUAL                                         
racdb1.star_transformation_enabled = FALSE                                      
racdb2.star_transformation_enabled = FALSE                                      
racdb1.statistics_level = TYPICAL                                               
racdb2.statistics_level = TYPICAL                                               
racdb1.streams_pool_size = 0                                                    
racdb2.streams_pool_size = 0                                                    
racdb1.tape_asynch_io = TRUE                                                    
racdb2.tape_asynch_io = TRUE                                                    
racdb1.thread = 1                                                               

racdb2.thread = 2                                                               
racdb1.timed_os_statistics = 0                                                  
racdb2.timed_os_statistics = 0                                                  
racdb1.timed_statistics = TRUE                                                  
racdb2.timed_statistics = TRUE                                                  
racdb1.trace_enabled = TRUE                                                     
racdb2.trace_enabled = TRUE                                                     
racdb1.tracefile_identifier =                                                   
racdb2.tracefile_identifier =                                                   
racdb1.transactions = 897                                                       
racdb2.transactions = 897                                                       
racdb1.transactions_per_rollback_segment = 5                                    
racdb2.transactions_per_rollback_segment = 5                                    

racdb1.undo_management = AUTO                                                   
racdb2.undo_management = AUTO                                                   
racdb1.undo_retention = 900                                                     
racdb2.undo_retention = 900                                                     
racdb1.undo_tablespace = UNDOTBS2                                               
racdb2.undo_tablespace = UNDOTBS1                                               
racdb1.use_indirect_data_buffers = FALSE                                        
racdb2.use_indirect_data_buffers = FALSE                                        
racdb1.use_large_pages = TRUE                                                   
racdb2.use_large_pages = TRUE                                                   
racdb1.user_dump_dest = /u01/app/oracle/diag/rdbms/racdb/racdb1/trace           
racdb2.user_dump_dest = /u01/app/oracle/diag/rdbms/racdb/racdb2/trace           
racdb1.utl_file_dir =                                                           

racdb2.utl_file_dir =                                                           
racdb1.workarea_size_policy = AUTO                                              
racdb2.workarea_size_policy = AUTO                                              
racdb1.xml_db_events = enable                                                   
racdb2.xml_db_events = enable                                                   
